Build started 07/05/2013 10:34:29.
     1>Project "C:\Users\Michelle Rodrigues\Documents\Visual Studio 2010\Projects\trab1 - goku - msr\trab1 - goku - msr\trab1 - goku - msr.vcxproj" on node 2 (build target(s)).
     1>InitializeBuildStatus:
         Creating "Debug\trab1 - goku - msr.unsuccessfulbuild" because "AlwaysCreate" was specified.
       ClCompile:
         C:\Program Files (x86)\Microsoft Visual Studio 10.0\VC\bin\CL.exe /c /Zi /nologo /W3 /WX- /Od /Oy- /D WIN32 /D _DEBUG /D _CONSOLE /D _UNICODE /D UNICODE /Gm /EHsc /RTC1 /MDd /GS /fp:precise /Zc:wchar_t /Zc:forScope /Fo"Debug\\" /Fd"Debug\vc100.pdb" /Gd /TP /analyze- /errorReport:prompt grafo.cpp main.cpp
         main.cpp
     1>main.cpp(62): warning C4244: 'argument' : conversion from 'time_t' to 'unsigned int', possible loss of data
         Generating Code...
         Skipping... (no relevant changes detected)
         grafo.cpp
         C:\Program Files (x86)\Microsoft Visual Studio 10.0\VC\bin\CL.exe /c /Zi /clr /nologo /W3 /WX- /Od /Oy- /D WIN32 /D _DEBUG /D _CONSOLE /D _UNICODE /D UNICODE /Gm- /EHa /MDd /GS /fp:precise /Zc:wchar_t /Zc:forScope /Fo"Debug\\" /Fd"Debug\vc100.pdb" /Gd /TP /FU"C:\Program Files (x86)\Reference Assemblies\Microsoft\Framework\.NETFramework\v4.0\System.Core.dll" /FU"C:\Program Files (x86)\Reference Assemblies\Microsoft\Framework\.NETFramework\v4.0\System.Data.dll" /FU"C:\Program Files (x86)\Reference Assemblies\Microsoft\Framework\.NETFramework\v4.0\System.dll" /FU"C:\Program Files (x86)\Reference Assemblies\Microsoft\Framework\.NETFramework\v4.0\System.Drawing.dll" /FU"C:\Program Files (x86)\Reference Assemblies\Microsoft\Framework\.NETFramework\v4.0\System.Windows.Forms.dll" /FU"C:\Program Files (x86)\Reference Assemblies\Microsoft\Framework\.NETFramework\v4.0\System.Xml.dll" /analyze- /errorReport:prompt AStar.cpp
         AStar.cpp
       ManifestResourceCompile:
         All outputs are up-to-date.
       Link:
         C:\Program Files (x86)\Microsoft Visual Studio 10.0\VC\bin\link.exe /ERRORREPORT:PROMPT /OUT:"C:\Users\Michelle Rodrigues\Documents\Visual Studio 2010\Projects\trab1 - goku - msr\Debug\trab1 - goku - msr.exe" /INCREMENTAL /NOLOGO kernel32.lib user32.lib gdi32.lib winspool.lib comdlg32.lib advapi32.lib shell32.lib ole32.lib oleaut32.lib uuid.lib odbc32.lib odbccp32.lib /MANIFEST /ManifestFile:"Debug\trab1 - goku - msr.exe.intermediate.manifest" /MANIFESTUAC:"level='asInvoker' uiAccess='false'" /DEBUG /PDB:"C:\Users\Michelle Rodrigues\Documents\Visual Studio 2010\Projects\trab1 - goku - msr\Debug\trab1 - goku - msr.pdb" /SUBSYSTEM:CONSOLE /TLBID:1 /DYNAMICBASE /NXCOMPAT /IMPLIB:"C:\Users\Michelle Rodrigues\Documents\Visual Studio 2010\Projects\trab1 - goku - msr\Debug\trab1 - goku - msr.lib" /MACHINE:X86 "Debug\trab1 - goku - msr.exe.embed.manifest.res"
         Debug\esferas.obj
         Debug\AStar.obj
         Debug\main.obj
         Debug\mapa.obj
         Debug\grafo.obj
         Debug\radar.obj
       Manifest:
         C:\Program Files (x86)\Microsoft SDKs\Windows\v7.0A\bin\mt.exe /nologo /verbose /out:"Debug\trab1 - goku - msr.exe.embed.manifest" /manifest "Debug\trab1 - goku - msr.exe.intermediate.manifest"
         All outputs are up-to-date.
       LinkEmbedManifest:
         All outputs are up-to-date.
         trab1 - goku - msr.vcxproj -> C:\Users\Michelle Rodrigues\Documents\Visual Studio 2010\Projects\trab1 - goku - msr\Debug\trab1 - goku - msr.exe
       FinalizeBuildStatus:
         Deleting file "Debug\trab1 - goku - msr.unsuccessfulbuild".
         Touching "Debug\trab1 - goku - msr.lastbuildstate".
     1>Done Building Project "C:\Users\Michelle Rodrigues\Documents\Visual Studio 2010\Projects\trab1 - goku - msr\trab1 - goku - msr\trab1 - goku - msr.vcxproj" (build target(s)).

Build succeeded.

Time Elapsed 00:00:04.78
